===2020-06-11 10:31:54.693 ERROR org.springframework.boot.SpringApplication Line:858 - Application run failed
org.springframework.beans.factory.BeanCreationException: Error creating bean with name 'stableReleaseCodeBizImpl' defined in file [E:\my-workspace\accurate-test\target\classes\com\boc\accuratetest\biz\impl\StableReleaseCodeBizImpl.class]: Instantiation of bean failed; nested exception is org.springframework.beans.BeanInstantiationException: Failed to instantiate [com.boc.accuratetest.biz.impl.StableReleaseCodeBizImpl]: Constructor threw exception; nested exception is java.lang.Error: Unresolved compilation problems: 
	The import com.boc.accuratetest.mappers.StableReleaseCodeMapper cannot be resolved
	The import com.boc.accuratetest.pojo cannot be resolved
	StableReleaseCodeMapper cannot be resolved to a type
	StableReleaseCode cannot be resolved to a type
	StableReleaseCode cannot be resolved to a type
	StableReleaseCode cannot be resolved to a type

	at org.springframework.beans.factory.support.AbstractAutowireCapableBeanFactory.instantiateBean(AbstractAutowireCapableBeanFactory.java:1303)
	at org.springframework.beans.factory.support.AbstractAutowireCapableBeanFactory.createBeanInstance(AbstractAutowireCapableBeanFactory.java:1197)
	at org.springframework.beans.factory.support.AbstractAutowireCapableBeanFactory.doCreateBean(AbstractAutowireCapableBeanFactory.java:555)
	at org.springframework.beans.factory.support.AbstractAutowireCapableBeanFactory.createBean(AbstractAutowireCapableBeanFactory.java:515)
	at org.springframework.beans.factory.support.AbstractBeanFactory.lambda$doGetBean$0(AbstractBeanFactory.java:320)
	at org.springframework.beans.factory.support.DefaultSingletonBeanRegistry.getSingleton(DefaultSingletonBeanRegistry.java:222)
	at org.springframework.beans.factory.support.AbstractBeanFactory.doGetBean(AbstractBeanFactory.java:318)
	at org.springframework.beans.factory.support.AbstractBeanFactory.getBean(AbstractBeanFactory.java:199)
	at org.springframework.beans.factory.support.DefaultListableBeanFactory.preInstantiateSingletons(DefaultListableBeanFactory.java:849)
	at org.springframework.context.support.AbstractApplicationContext.finishBeanFactoryInitialization(AbstractApplicationContext.java:877)
	at org.springframework.context.support.AbstractApplicationContext.refresh(AbstractApplicationContext.java:549)
	at org.springframework.boot.web.servlet.context.ServletWebServerApplicationContext.refresh(ServletWebServerApplicationContext.java:142)
	at org.springframework.boot.SpringApplication.refresh(SpringApplication.java:775)
	at org.springframework.boot.SpringApplication.refreshContext(SpringApplication.java:397)
	at org.springframework.boot.SpringApplication.run(SpringApplication.java:316)
	at org.springframework.boot.SpringApplication.run(SpringApplication.java:1260)
	at org.springframework.boot.SpringApplication.run(SpringApplication.java:1248)
	at com.boc.accuratetest.AccuratetestStart.main(AccuratetestStart.java:17)
Caused by: org.springframework.beans.BeanInstantiationException: Failed to instantiate [com.boc.accuratetest.biz.impl.StableReleaseCodeBizImpl]: Constructor threw exception; nested exception is java.lang.Error: Unresolved compilation problems: 
	The import com.boc.accuratetest.mappers.StableReleaseCodeMapper cannot be resolved
	The import com.boc.accuratetest.pojo cannot be resolved
	StableReleaseCodeMapper cannot be resolved to a type
	StableReleaseCode cannot be resolved to a type
	StableReleaseCode cannot be resolved to a type
	StableReleaseCode cannot be resolved to a type

	at org.springframework.beans.BeanUtils.instantiateClass(BeanUtils.java:184)
	at org.springframework.beans.factory.support.SimpleInstantiationStrategy.instantiate(SimpleInstantiationStrategy.java:87)
	at org.springframework.beans.factory.support.AbstractAutowireCapableBeanFactory.instantiateBean(AbstractAutowireCapableBeanFactory.java:1295)
	... 17 common frames omitted
Caused by: java.lang.Error: Unresolved compilation problems: 
	The import com.boc.accuratetest.mappers.StableReleaseCodeMapper cannot be resolved
	The import com.boc.accuratetest.pojo cannot be resolved
	StableReleaseCodeMapper cannot be resolved to a type
	StableReleaseCode cannot be resolved to a type
	StableReleaseCode cannot be resolved to a type
	StableReleaseCode cannot be resolved to a type

	at com.boc.accuratetest.biz.impl.StableReleaseCodeBizImpl.<init>(StableReleaseCodeBizImpl.java:9)
	at sun.reflect.NativeConstructorAccessorImpl.newInstance0(Native Method)
	at sun.reflect.NativeConstructorAccessorImpl.newInstance(NativeConstructorAccessorImpl.java:62)
	at sun.reflect.DelegatingConstructorAccessorImpl.newInstance(DelegatingConstructorAccessorImpl.java:45)
	at java.lang.reflect.Constructor.newInstance(Constructor.java:423)
	at org.springframework.beans.BeanUtils.instantiateClass(BeanUtils.java:172)
	... 19 common frames omitted
